<?xml version="1.0" encoding="UTF-8"?>
<!-- Generated by org.testng.reporters.JUnitReportReporter -->
<testsuite hostname="USER-PC" failures="0" tests="2" name="qaclickacademy.AppiumTest" time="0.001" errors="0" timestamp="25 Jul 2021 23:45:21 GMT" skipped="0">
  <testcase classname="qaclickacademy.AppiumTest" name="IOSApps" time="0.000"/>
  <testcase classname="qaclickacademy.AppiumTest" name="NativeAPpAndroid" time="0.001"/>
</testsuite> <!-- qaclickacademy.AppiumTest -->
