<?xml version="1.0" encoding="UTF-8"?>
<!-- Generated by org.testng.reporters.JUnitReportReporter -->
<testsuite hostname="USER-PC" failures="0" tests="2" name="qaclickacademy.SeleniumTest" time="0.006" errors="0" timestamp="25 Jul 2021 23:45:51 GMT" skipped="0">
  <testcase classname="qaclickacademy.SeleniumTest" name="elementsUi" time="0.001"/>
  <testcase classname="qaclickacademy.SeleniumTest" name="BrowserAUtomation" time="0.005"/>
</testsuite> <!-- qaclickacademy.SeleniumTest -->
